<?xml version="1.0" encoding="UTF-8"?>
<testsuite xmlns:xsi="http://www.w3.org/2001/XMLSchema-instance" xsi:noNamespaceSchemaLocation="https://maven.apache.org/surefire/maven-surefire-plugin/xsd/surefire-test-report-3.0.xsd" version="3.0" name="com.hms.HmsApplicationTests" time="15.636" tests="1" errors="0" skipped="0" failures="0">
  <properties>
[...]
</properties>
  <testcase name="contextLoads" classname="com.hms.HmsApplicationTests" time="0.898">
    <system-out><![CDATA[19:52:27.563 [main] INFO org.springframework.test.context.support.AnnotationConfigContextLoaderUtils -- Could not detect default configuration classes for test class [com.hms.HmsApplicationTests]: HmsApplicationTests does not declare any static, non-private, non-final, nested classes annotated with @Configuration.
19:52:27.755 [main] INFO org.springframework.boot.test.context.SpringBootTestContextBootstrapper -- Found @SpringBootConfiguration com.hms.HmsApplication for test class com.hms.HmsApplicationTests

  .   ____          _            __ _ _
 /\\ / ___'_ __ _ _(_)_ __  __ _ \ \ \ \
( ( )\___ | '_ | '_| | '_ \/ _` | \ \ \ \
 \\/  ___)| |_)| | | | | || (_| |  ) ) ) )
  '  |____| .__|_| |_|_| |_\__, | / / / /
 =========|_|==============|___/=/_/_/_/
 :: Spring Boot ::                (v3.2.5)

2026-06-30T19:52:28.476+01:00  INFO 52810 --- [smart-hospital-management] [           main] com.hms.HmsApplicationTests              : Starting HmsApplicationTests using Java 21.0.11 with PID 52810 (started by fola in /home/fola/Documents/Java/enterprise-app)
2026-06-30T19:52:28.478+01:00 DEBUG 52810 --- [smart-hospital-management] [           main] com.hms.HmsApplicationTests              : Running with Spring Boot v3.2.5, Spring v6.1.6
2026-06-30T19:52:28.479+01:00  INFO 52810 --- [smart-hospital-management] [           main] com.hms.HmsApplicationTests              : No active profile set, falling back to 1 default profile: "default"
2026-06-30T19:52:30.475+01:00  INFO 52810 --- [smart-hospital-management] [           main] .s.d.r.c.RepositoryConfigurationDelegate : Bootstrapping Spring Data JPA repositories in DEFAULT mode.
2026-06-30T19:52:30.654+01:00  INFO 52810 --- [smart-hospital-management] [           main] .s.d.r.c.RepositoryConfigurationDelegate : Finished Spring Data repository scanning in 158 ms. Found 12 JPA repository interfaces.
2026-06-30T19:52:32.190+01:00  INFO 52810 --- [smart-hospital-management] [           main] o.hibernate.jpa.internal.util.LogHelper  : HHH000204: Processing PersistenceUnitInfo [name: default]
2026-06-30T19:52:32.306+01:00  INFO 52810 --- [smart-hospital-management] [           main] org.hibernate.Version                    : HHH000412: Hibernate ORM core version 6.4.4.Final
2026-06-30T19:52:32.375+01:00  INFO 52810 --- [smart-hospital-management] [           main] o.h.c.internal.RegionFactoryInitiator    : HHH000026: Second-level cache disabled
2026-06-30T19:52:32.781+01:00  INFO 52810 --- [smart-hospital-management] [           main] o.s.o.j.p.SpringPersistenceUnitInfo      : No LoadTimeWeaver setup: ignoring JPA class transformer
2026-06-30T19:52:32.826+01:00  INFO 52810 --- [smart-hospital-management] [           main] com.zaxxer.hikari.HikariDataSource       : HikariPool-1 - Starting...
2026-06-30T19:52:33.156+01:00  INFO 52810 --- [smart-hospital-management] [           main] com.zaxxer.hikari.pool.HikariPool        : HikariPool-1 - Added connection conn0: url=jdbc:h2:mem:shms_db user=SA
2026-06-30T19:52:33.158+01:00  INFO 52810 --- [smart-hospital-management] [           main] com.zaxxer.hikari.HikariDataSource       : HikariPool-1 - Start completed.
2026-06-30T19:52:33.199+01:00  WARN 52810 --- [smart-hospital-management] [           main] org.hibernate.orm.deprecation            : HHH90000025: H2Dialect does not need to be specified explicitly using 'hibernate.dialect' (remove the property setting and it will be selected by default)
2026-06-30T19:52:35.572+01:00  INFO 52810 --- [smart-hospital-management] [           main] o.h.e.t.j.p.i.JtaPlatformInitiator       : HHH000489: No JTA platform available (set 'hibernate.transaction.jta.platform' to enable JTA platform integration)
Hibernate: 
    drop table if exists addresses cascade 
Hibernate: 
    drop table if exists appointments cascade 
Hibernate: 
    drop table if exists departments cascade 
Hibernate: 
    drop table if exists emergency_contacts cascade 
Hibernate: 
    drop table if exists invoices cascade 
Hibernate: 
    drop table if exists laboratory_tests cascade 
Hibernate: 
    drop table if exists medical_records cascade 
Hibernate: 
    drop table if exists patient_lab_tests cascade 
Hibernate: 
    drop table if exists person cascade 
Hibernate: 
    drop table if exists prescriptions cascade 
Hibernate: 
    create table addresses (
        id bigint generated by default as identity,
        city varchar(255),
        country varchar(255),
        state varchar(255),
        street varchar(255),
        zip_code varchar(255),
        primary key (id)
    )
Hibernate: 
    create table appointments (
        appointment_date timestamp(6),
        created_at timestamp(6),
        doctor_id bigint,
        id bigint generated by default as identity,
        patient_id bigint,
        updated_at timestamp(6),
        created_by varchar(255),
        notes varchar(255),
        reason varchar(255),
        status varchar(255),
        primary key (id)
    )
Hibernate: 
    create table departments (
        created_at timestamp(6),
        id bigint generated by default as identity,
        updated_at timestamp(6),
        created_by varchar(255),
        description varchar(255),
        location varchar(255),
        name varchar(255) unique,
        primary key (id)
    )
Hibernate: 
    create table emergency_contacts (
        id bigint generated by default as identity,
        alternate_phone varchar(255),
        full_name varchar(255),
        phone varchar(255),
        relationship varchar(255),
        primary key (id)
    )
Hibernate: 
    create table invoices (
        amount float(53),
        due_date date,
        issue_date date,
        tax float(53),
        total_amount float(53),
        appointment_id bigint unique,
        created_at timestamp(6),
        id bigint generated by default as identity,
        updated_at timestamp(6),
        created_by varchar(255),
        invoice_number varchar(255) unique,
        status varchar(255),
        primary key (id)
    )
Hibernate: 
    create table laboratory_tests (
        created_at timestamp(6),
        id bigint generated by default as identity,
        test_date timestamp(6),
        updated_at timestamp(6),
        created_by varchar(255),
        requested_by_doctor varchar(255),
        result varchar(255),
        status varchar(255),
        test_name varchar(255),
        primary key (id)
    )
Hibernate: 
    create table medical_records (
        id bigint generated by default as identity,
        allergies varchar(255),
        blood_type varchar(255),
        chronic_conditions varchar(255),
        family_history varchar(255),
        insurance_info varchar(255),
        past_surgeries varchar(255),
        primary key (id)
    )
Hibernate: 
    create table patient_lab_tests (
        lab_test_id bigint not null,
        patient_id bigint not null
    )
Hibernate: 
    create table person (
        date_of_birth date,
        deleted boolean not null,
        years_of_experience integer,
        created_at timestamp(6),
        department_id bigint,
        emergency_contact_id bigint unique,
        id bigint generated by default as identity,
        medical_record_id bigint unique,
        patient_address_id bigint unique,
        updated_at timestamp(6),
        person_type varchar(31) not null,
        address varchar(255),
        blood_type varchar(255),
        created_by varchar(255),
        department varchar(255),
        email varchar(255) unique,
        employee_code varchar(255),
        first_name varchar(255),
        gender varchar(255),
        last_name varchar(255),
        license_number varchar(255) unique,
        national_id varchar(255) unique,
        patient_status varchar(255),
        phone varchar(255),
        shift varchar(255),
        specialization varchar(255),
        primary key (id)
    )
Hibernate: 
    create table prescriptions (
        issue_date date,
        created_at timestamp(6),
        id bigint generated by default as identity,
        patient_id bigint,
        updated_at timestamp(6),
        created_by varchar(255),
        dosage varchar(255),
        duration varchar(255),
        frequency varchar(255),
        medication_name varchar(255),
        primary key (id)
    )
Hibernate: 
    alter table if exists appointments 
       add constraint FKlsjkh3qtmknfq7jnwy7idyl46 
       foreign key (doctor_id) 
       references person
Hibernate: 
    alter table if exists appointments 
       add constraint FK7f9mnntd6wmxux63oohe0n11m 
       foreign key (patient_id) 
       references person
Hibernate: 
    alter table if exists invoices 
       add constraint FKngg5bc8atao2b9jehl9l8tdsw 
       foreign key (appointment_id) 
       references appointments
Hibernate: 
    alter table if exists patient_lab_tests 
       add constraint FKpq5v2v9aocckwxwk8xbohtp2v 
       foreign key (lab_test_id) 
       references laboratory_tests
Hibernate: 
    alter table if exists patient_lab_tests 
       add constraint FKg5jokd43mgtdjewtkmrgd89u1 
       foreign key (patient_id) 
       references person
Hibernate: 
    alter table if exists person 
       add constraint FKkto0u25xwq3eqqq6iyaed5ns7 
       foreign key (department_id) 
       references departments
Hibernate: 
    alter table if exists person 
       add constraint FKkp5gxni5bej8mlfgvo2hsww3i 
       foreign key (emergency_contact_id) 
       references emergency_contacts
Hibernate: 
    alter table if exists person 
       add constraint FK2we6svveln7owayiphyf3cfka 
       foreign key (medical_record_id) 
       references medical_records
Hibernate: 
    alter table if exists person 
       add constraint FKke4vok32f2qgjua3bsvn7q4w 
       foreign key (patient_address_id) 
       references addresses
Hibernate: 
    alter table if exists prescriptions 
       add constraint FKgi5yxgl2uctj7pw7i0dhsr1pj 
       foreign key (patient_id) 
       references person
2026-06-30T19:52:35.749+01:00  INFO 52810 --- [smart-hospital-management] [           main] j.LocalContainerEntityManagerFactoryBean : Initialized JPA EntityManagerFactory for persistence unit 'default'
2026-06-30T19:52:36.509+01:00  INFO 52810 --- [smart-hospital-management] [           main] o.s.d.j.r.query.QueryEnhancerFactory     : Hibernate is in classpath; If applicable, HQL parser will be used.
2026-06-30T19:52:38.510+01:00  WARN 52810 --- [smart-hospital-management] [           main] JpaBaseConfiguration$JpaWebConfiguration : spring.jpa.open-in-view is enabled by default. Therefore, database queries may be performed during view rendering. Explicitly configure spring.jpa.open-in-view to disable this warning
2026-06-30T19:52:40.441+01:00  INFO 52810 --- [smart-hospital-management] [           main] o.s.b.a.e.web.EndpointLinksResolver      : Exposing 3 endpoint(s) beneath base path '/actuator'
2026-06-30T19:52:40.600+01:00  INFO 52810 --- [smart-hospital-management] [           main] o.s.s.web.DefaultSecurityFilterChain     : Will secure any request with [org.springframework.security.web.session.DisableEncodeUrlFilter@6df459fe, org.springframework.security.web.context.request.async.WebAsyncManagerIntegrationFilter@72fb0cb3, org.springframework.security.web.context.SecurityContextHolderFilter@3f321f8, org.springframework.security.web.header.HeaderWriterFilter@31f575aa, org.springframework.web.filter.CorsFilter@3086155a, org.springframework.security.web.authentication.logout.LogoutFilter@229e9280, org.springframework.security.web.authentication.www.BasicAuthenticationFilter@4468fdae, org.springframework.security.web.savedrequest.RequestCacheAwareFilter@7bd804ed, org.springframework.security.web.servletapi.SecurityContextHolderAwareRequestFilter@5c5432d9, org.springframework.security.web.authentication.AnonymousAuthenticationFilter@4c68550d, org.springframework.security.web.access.ExceptionTranslationFilter@33b92d63, org.springframework.security.web.access.intercept.AuthorizationFilter@8dd572e]
2026-06-30T19:52:41.599+01:00  INFO 52810 --- [smart-hospital-management] [           main] o.s.b.a.h2.H2ConsoleAutoConfiguration    : H2 console available at '/h2-console'. Database available at 'jdbc:h2:mem:shms_db'
2026-06-30T19:52:41.821+01:00  INFO 52810 --- [smart-hospital-management] [           main] com.hms.HmsApplicationTests              : Started HmsApplicationTests in 13.861 seconds (process running for 15.563)
]]></system-out>
    <system-err><![CDATA[WARNING: A Java agent has been loaded dynamically (/home/fola/.m2/repository/net/bytebuddy/byte-buddy-agent/1.14.13/byte-buddy-agent-1.14.13.jar)
WARNING: If a serviceability tool is in use, please run with -XX:+EnableDynamicAgentLoading to hide this warning
WARNING: If a serviceability tool is not in use, please run with -Djdk.instrument.traceUsage for more information
WARNING: Dynamic loading of agents will be disallowed by default in a future release
]]></system-err>
  </testcase>
</testsuite>